[000:000] Browser XEmbed support present: 1
[000:000] Browser toolkit is Gtk2.
[000:000] Using Gtk2 toolkit
[000:024] Starting client channel.
[000:024] Warning(clientchannel.cc:436): Unreadable or no port file.  Could not initiate GoogleTalkPlugin connection
[000:025] Warning(clientchannel.cc:411): Could not initiate GoogleTalkPlugin connection
[000:025] GoogleTalkPlugin not running. Starting new process...
[000:025] Warning(optionsfile.cc:47): Load: Could not open file, err=2
[000:025] Warning(pluginutils.cc:243): Failed to get GoogleTalkPlugin path. Trying default.
[000:027] Started GoogleTalkPlugin, path=/opt/google/talkplugin/GoogleTalkPlugin
[000:028] Waiting for GoogleTalkPlugin to start...
[001:104] Attempting to connect to GoogleTalkPlugin...
[001:104] Read port file, port=43745
[001:106] Initiated connection to GoogleTalkPlugin
[001:206] Socket connection established
[001:206] ScheduleOnlineCheck: Online check in 5000ms
[001:305] Got cookie response, socket is authorized
[001:305] AUTHORIZED; socket handshake complete
[006:226] HandleOnlineCheck: Starting check
[006:226] HandleOnlineCheck: OK; current state: 3
