[32mack.vim[00m
34d0b2f Merge pull request #65 from alexbel/master
45c802e Improve README, ack installation on openSUSE
 
[32mCommand-T[00m
d30099c Switch selection highlight color for better readability
 
[32mvim-abolish[00m
d64ce06 Add synonym 'U' for coercion to uppercase
 
[32mvim-commentary[00m
a3ae0df Switch official interface from \\ to gc
 
[32mvim-fugitive[00m
0103538 Expose detect interface
a27b899 Add foldlevel to fugitive_diff_restore
6462bdb Work around archaic encodings
1da788a Unify escaping rules for :Gedit with :edit
bbf9e51 Fix :Git! on Windows.
cf3fe78 Switch :Gblame <CR> to open commit
1bce432 Fix setting of foldmethod in :Gstatus
1601ffc Don't clobber foldmethod in :Gedit :
b9525df Support WIDE COLON in :Gstatus in some locales
582eb0d Fix supposed "Press ENTER" prompt
d1406ae Revert "s:Detect: only add readable files to &tags and doc"
 
[32mvim-powerline[00m

 
[32mvim-surround[00m
02199ea Support to disable mappings only for insert mode
2cc734f Default to automatic indenting
0b2c9ff surround.vim 2.0
4c9a4e0 Add a lisp function call replacement
29afa29 Add : replacement
1c9d8e6 Add leading space replacement
ac67c1a Remove documentation of LaTeX expansion
f57e5aa Fix deletion of delimiters on their own lines
 
[32mvim-unbundle[00m
3d4cc2e :Unbundle had no effect if Vim finished starting
c854f6a Merge branch 'kaoriya'
cc505ce GH-7: Vim-Kaoriya turns on filetype at Vim startup
cd7303c port information from in-Vim help into README
6c2b3fb add in-Vim help documentation for this Vim script
 
[32mless/vim-less[00m
2c4074b update list of less functions accordingly with documentation
b0da5c5 delete blank line
291325d change syntax for nested selectors - should fix #20
 
[32mpython/pyflakes-vim[00m
28747f3 Merge pull request #64 from ravishi/master
67f20a9 quickfix for issue #28
d745891 update pyflakes
 
[32mruby/vim-bundler[00m
ff9cf2b Fire detection on FileType event
0d585e9 Rearrange
c78320d Leverage g:ruby_path_versions
fcd7f48 Give platforms their own special highlighting
89c6c5a Fix error on missing lock file
4d6131a Better variable name
78a149d Separate lock file parsing from path hunting
032f21e Highlight local paths in lock file
dabcfc2 Provide official API
9875248 Highlight found/missing gems in lock file
8aee723 Provide interface to check for presence of gem
08c1f98 Provide access to gem versions
1b20de4 Support retrieving declared but missing gems
98294af Add gf remap to lock file
6e49a36 Only ask bundler for paths when g:bundler_strict
32b486f Highlight .bundler/config as yaml
a041b21 Don't throw in bundler#project()
152342c Fix broken everything
3c55373 Support multiple gems in one repo
4402c03 Remove old Contributing section
33f6126 Point at new location of contribution guidelines
3e0f784 Change markdown heading style
2c199e8 Always use correct Ruby version with rbenv
843db45 Support custom bundle path
0b286ec Don't stop at first missing gem
85566b7 Fix gem path splitting on Windows
035a4a6 Fix "second gem" Gemfile.lock parsing bug
2b550d8 Fix debugging output
f27a7b0 Add missing abort
64fc45d Provide a bundler#project() accessor
1d1da33 Debug Gemfile.lock parsing issues
 
[32mruby/vim-endwise[00m
fd869a7 endwise.vim 1.1
 
[32mruby/vim-rails[00m
9d6b78e Fix tab completion for :Rails
0485ff1 Fix :Rtags
c0317b5 Invert meaning of projection internal "force"
6d0d7a3 Only short circuit creation of global projections
c08bb34 Warn about invalid use of g:rails_abbreviations
f050de8 Disambiguate help tag
a41557d Clarify when navigation commands are created
b43362f Fix abbreviations error
5a21d4d Fully document projections
f3ad023 Move default config docs next to editor.json docs
e776097 Roll g:rails_abbreviations into plugin
4a42e8e Provide g:rails_projections
c277242 Add a little breathing room
cec55ca Rewrite explanation of global settings
87afbc5 Support path_additions globally
0c994c6 Allow g:rails_ctags_arguments to be an array
1da5039 Don't need to create tmp anymore
60503a4 Mention :Rset root_url under :Rserver
8a1309b Don't create projection commands if all directories missing
cb4365b Better error message on missing projection default
34d805d Allow projections to be a list
8acbfb0 Update helper highlighting for Rails 4
72a9d9f Warn about deprecation of :Rset
f664e73 Return a single alternate from buffer.alternate()
1ffb17a Remove :Rtree
002e34b Tweak regex
f8d9412 Fix :A from controller to functional test
a6e36e9 Fix tab completion on :E commands
06a9bd8 Put tags in application root, not tmp
aa8c3ad Fix parameter
c161de0 Restore related() for backwards compatibility
6286d78 Fix . argument to navigation commands
c6bad20 Provide has_path() to replace has_file()
6ba1213 Remove gratuitous coupling to bundler.vim
adca11d Adding 'refute' assertion keywords
786e73f Add 'it_behaves_like' to RSpec keyword matches
39af565 Fix :Rake outside of app root
c8e55b5 Use rake binstub if present
65f769f Fix projection alternates
8c35c2d Allow overriding maps
e9fb172 Add abstraction around gems
9c7503e Downplay :Rnavcommand
e4d7753 Update :A example for database.yml
a27e2c3 Extract contribution guidelines
1e44ee5 Strip underscores from projection commands
cf042f7 Load :Rails new into the quickfix list
eb24e32 Load :Rgenerate/:Rdestroy results into quickfix
d5fd636 Rework alternates
0b4ac51 Fix :Rails! inside app
1f55745 Use bin/rails if present
2dd66b3 Don't assume presence of fnameescape
cfa6ad5 Fix tab/split disposition of certain nav commands
f1d8acc Change :: to . in JavaScript templates
6d97f16 Empty projection does not create command
cb3be0f Allow "command": false in projection
3e18417 Drop Cream support
8715137 Switch :Rlocale happy path to new dispatcher
83905bf Fix several navigation commands
19cf5ee Increase priority of config/editor.json
45931ee Allow explicitly specifying projection command
7789267 Fix turnip template
3530934 Skip projection formats without a %s
37a0108 Don't choke on blanks in s:uniq
0f871b7 Don't remove vendored gems from 'path'
af59b0b Restore app root to path
c7968ea Remove app root from path
d01c54e Remove workaround for SelectBuf
476e907 Highlight revert in migrations
62031c2 README.rdoc is the new README
8b3f01b Update syntax highlighting docs
c9b269f Experimental R-free nav commands
3ff89f6 Modernize partial extraction
d2b5750 Complete closer-matching partial file names before views
409bbba Rename classifications to projections
b5bee63 Remove :AN
447d45f Deprecate :Rinvert
680fa2b Update migration keywords
28ea90f Remove Prototype highlighting
a6164fd Remove overlooked ActionWebService highlighting
607717a Highlight concern in routes
642fb97 Fix heading
3b09d4f README tweaks
fe388fb Support extracting concerns and helpers
b2ec963 Remove plugin support
92d9b80 Bring default generators in line with Rails 4
f43f8dc Remove :Robserver
6502c85 Remove :Rmetal
c933782 Add Mongoid gf support
30eeeea Fix :Rrunner
5ccba04 Fix rails#app().has('bundler') on Bundler 1.3
a5d075b Really support Rails 4 commands
7f09263 Fix backgrounding
fb5d617 Remove debugging statement
c9b660b Improve shell escaping
2aa50ed Tweak screen/tmux title
bf5daad Support rails binstub
37e7597 Drop cygwin special case
1d72cd8 Give precedence to spec/features
54e3e9f Support script commands in Rails 4
ada43c9 Add support for zeus
f1c8bcb Support an affinity of collection
4d04259 Fix sloppy regex
e890e5a More general and elegant Alternates
8ca8478 Remove unused function
3ed2409 Remove allml references
63cbc51 Support spec/features for integration tests
6f6de93 Fix directory for navigation command defaults
37e8cdd Allow plural reference in classification's related
0f14173 Check for default locale in application.rb
0ec48b0 Deprecate :Rset
37d4697 Use :Rserver --binding to configure :Rpreview host
acf8783 Make "format" the official classification interface
126a877 Remove ancient :Rset options
beed351 Remove bogus &modelines
ae48acd Stop encouraging email
ff8557a Merge branch 'master' of github.com:tpope/vim-rails
3734aa2 Allow spaces in classification names
ab0d422 Fix documentation for g:rails_root_url
4cf517e Fix test navigation commands
c133b52 Allow specification of related file in classifications
cec1dc7 Allow for classifications without editor.json
ff61c4d Remove g:rails_default_file
55ce2c7 Remove docs for obsolete g:rails_tabstop
f687073 Syntax highlight ActiveRecord::Store methods
71b9986 Deprecate :Rnavcommand
4a8e762 Rename "pattern" classification option to "format"
27cf0cf Remove g:rails_gnu_screen
cbbc00e Remove especially dumb/old abbreviations
a776c87 Use g:rails_abbreviations to provide global abbreviations
e64bdab Remove g:rails_syntax
5405bf7 Remove database config locking nonsense
5d430ea Localize dbext goofiness
12c26a2 Remove obsolete modeline documentation
ee17c9a Remove g:rails_mappings
eda28c3 Rename "path" to "path_additions"
8526877 Kill reference to g:rails_modelines
293e0b1 Add templates for test navigation commands
61906aa Roll test navigation commands into new dispatcher
ad7e602 Allow tabs to stand in for indentation in templates
5783763 Remove :Redit and :Rfind
06b055e Remove :Rdoc
c2a7b28 Tab complete generators based on bundled gems
18b05aa Fix formatting
d15ff6b Make :Rails in an app call :Rscript
d26df18 Remove modeline support
8af639d Remove reference to absent URL
4f42820 Remove symbol abbreviations
a57e8bc Fix :Rspec with no arguments
1167b39 Future compatibility with g:rails_abbreviations as a dict
03997a0 Recommend bundler.vim
a900633 Add boilerplate generation to navigation commands
6e6dc9e Drop b:rails_file_types
986a1ed Fix alignment of TOC with conceal
eb1b6bc Merge branch 'master' of github.com:tpope/vim-rails
b138a30 Document config/editor.json
eb8e977 Fix :Rcontroller from view with no argument
ffa28f9 Deprecate :Rplugin for Gemfile access
6a7e845 Assorted navigation command fixes
cf67cf2 Fix creating files to respect working directory
384fa57 Fix accidental references to global app
a1d1d28 Fix defaults for :Rmodel et al
d43626e Fix :Rtask
45aa313 Allow appending to path in editor.json
5a04bac Update 'path' to match Rails 4
755cd47 Don't reveal ../ in navcommand defaults
f5b4302 Fix :Rmailer
ac59a31 Implement new file finder backend
9a15474 Restructure navcommands to support execution
99ba0af Switch :Rlib default to Gemfile
efa1dfc End the paranoia
2ec7ca2 Don't require trailing / in :Rnavcommand directory
8f8475e Fix editor.json error when not in app root
948edd7 Respect 'modelines' for rails.vim modelines
6ffa170 Allow "collection" affinity
33994c0 Dogfood navcommand creation
2076ee7 Undocument -default=both()
2b4471b Remove dumb comments
902ef13 Fix typo
46f143c Don't require trailing slash in prefix
4f63115 Refactor navigation command definition
20f960a Add support for abbreviations in config/editor.json
8d10657 Support custom "classifications" in config/editor.json
1af68b4 Add support for config/editor.json
4022a61 Simplify define_navcommand interface
9870399 Render string for slim template
10b56a1 Allow defining per-app navigation commands
c279375 Don't source app config if modelines are disabled
f1d10b5 Source app specific config earlier
 
[32mruby/vim-rake[00m
e7f5072 Use rake binstub if present
6d85912 Add another heuristic for detecting gems
db1bc0a Officially promote :R-free commands
8cb3569 Point at new location of contribution guidelines
e05455e Promote gem-browse
92969e9 Change markdown heading style
a440491 Experimental R-free commands
f7873b1 rake.vim 1.1
 
